<?xml version="1.0" encoding="utf-8"?>
<TestRun id="8ab3640e-1431-4e56-b340-58baa2751730" name="@7bb2ea9220fa 2021-06-20 20:08:47" xmlns="http://microsoft.com/schemas/VisualStudio/TeamTest/2010">
  <Times creation="2021-06-20T20:08:47.6527409+00:00" queuing="2021-06-20T20:08:47.6527409+00:00" start="2021-06-20T20:08:46.4367573+00:00" finish="2021-06-20T20:08:47.6620804+00:00" />
  <TestSettings name="default" id="bdb7dcb7-c339-49f4-8e1a-f9d7bd395648">
    <Deployment runDeploymentRoot="_7bb2ea9220fa_2021-06-20_20_08_47" />
  </TestSettings>
  <Results>
    <UnitTestResult executionId="b18b6452-2a40-4ea3-8b5c-87110f39b3dd" testId="2a0f3fe9-3b6f-fdd1-ab59-5e28d87222b7" testName="PokemonApi.Test.Integration.PokemonIntegrationTests.CanCreatePokemons_Tests" computerName="7bb2ea9220fa" duration="00:00:00.3215362" startTime="2021-06-20T20:08:47.5549222+00:00" endTime="2021-06-20T20:08:47.5549413+00:00" testType="13cdc9d9-ddb5-4fa4-a97d-d965ccfc6d4b" outcome="Passed" testListId="8c84fa94-04c1-424b-9868-57a2d4851a1d" relativeResultsDirectory="b18b6452-2a40-4ea3-8b5c-87110f39b3dd" />
    <UnitTestResult executionId="65c15f27-eb69-46a5-a0eb-36e1ff6e28fb" testId="252c67bd-dd5d-36cc-a13c-0c3a0d6180e6" testName="PokemonApi.Test.Integration.PokemonIntegrationTests.FetchPokemons_Tests" computerName="7bb2ea9220fa" duration="00:00:00.0097434" startTime="2021-06-20T20:08:47.5664354+00:00" endTime="2021-06-20T20:08:47.5664359+00:00" testType="13cdc9d9-ddb5-4fa4-a97d-d965ccfc6d4b" outcome="Passed" testListId="8c84fa94-04c1-424b-9868-57a2d4851a1d" relativeResultsDirectory="65c15f27-eb69-46a5-a0eb-36e1ff6e28fb" />
  </Results>
  <TestDefinitions>
    <UnitTest name="PokemonApi.Test.Integration.PokemonIntegrationTests.CanCreatePokemons_Tests" storage="/src/src/pokemonapi.test.integration/bin/debug/net5.0/pokemonapi.test.integration.dll" id="2a0f3fe9-3b6f-fdd1-ab59-5e28d87222b7">
      <Execution id="b18b6452-2a40-4ea3-8b5c-87110f39b3dd" />
      <TestMethod codeBase="/src/src/PokemonApi.Test.Integration/bin/Debug/net5.0/PokemonApi.Test.Integration.dll" adapterTypeName="executor://xunit/VsTestRunner2/netcoreapp" className="PokemonApi.Test.Integration.PokemonIntegrationTests" name="CanCreatePokemons_Tests" />
    </UnitTest>
    <UnitTest name="PokemonApi.Test.Integration.PokemonIntegrationTests.FetchPokemons_Tests" storage="/src/src/pokemonapi.test.integration/bin/debug/net5.0/pokemonapi.test.integration.dll" id="252c67bd-dd5d-36cc-a13c-0c3a0d6180e6">
      <Execution id="65c15f27-eb69-46a5-a0eb-36e1ff6e28fb" />
      <TestMethod codeBase="/src/src/PokemonApi.Test.Integration/bin/Debug/net5.0/PokemonApi.Test.Integration.dll" adapterTypeName="executor://xunit/VsTestRunner2/netcoreapp" className="PokemonApi.Test.Integration.PokemonIntegrationTests" name="FetchPokemons_Tests" />
    </UnitTest>
  </TestDefinitions>
  <TestEntries>
    <TestEntry testId="2a0f3fe9-3b6f-fdd1-ab59-5e28d87222b7" executionId="b18b6452-2a40-4ea3-8b5c-87110f39b3dd" testListId="8c84fa94-04c1-424b-9868-57a2d4851a1d" />
    <TestEntry testId="252c67bd-dd5d-36cc-a13c-0c3a0d6180e6" executionId="65c15f27-eb69-46a5-a0eb-36e1ff6e28fb" testListId="8c84fa94-04c1-424b-9868-57a2d4851a1d" />
  </TestEntries>
  <TestLists>
    <TestList name="Results Not in a List" id="8c84fa94-04c1-424b-9868-57a2d4851a1d" />
    <TestList name="All Loaded Results" id="19431567-8539-422a-85d7-44ee4e166bda" />
  </TestLists>
  <ResultSummary outcome="Completed">
    <Counters total="2" executed="2" passed="2" failed="0" error="0" timeout="0" aborted="0" inconclusive="0" passedButRunAborted="0" notRunnable="0" notExecuted="0" disconnected="0" warning="0" completed="0" inProgress="0" pending="0" />
    <Output>
      <StdOut>[xUnit.net 00:00:00.00] xUnit.net VSTest Adapter v2.4.3+1b45f5407b (64-bit .NET 5.0.7)
[xUnit.net 00:00:00.36]   Discovering: PokemonApi.Test.Integration
[xUnit.net 00:00:00.38]   Discovered:  PokemonApi.Test.Integration
[xUnit.net 00:00:00.38]   Starting:    PokemonApi.Test.Integration
[xUnit.net 00:00:00.82]   Finished:    PokemonApi.Test.Integration
</StdOut>
    </Output>
  </ResultSummary>
</TestRun>